<?xml version="1.0" encoding="UTF-8"?>
<testng-results skipped="0" failed="0" total="1" passed="1">
  <reporter-output>
  </reporter-output>
  <suite name="testing" duration-ms="35058" started-at="2018-04-18T09:57:33Z" finished-at="2018-04-18T09:58:08Z">
    <groups>
    </groups>
    <test name="test" duration-ms="35058" started-at="2018-04-18T09:57:33Z" finished-at="2018-04-18T09:58:08Z">
      <class name="sample.Search">
        <test-method status="PASS" signature="initialise()[pri:0, instance:sample.Search@6d4b1c02]" name="initialise" is-config="true" duration-ms="2361" started-at="2018-04-18T15:27:30Z" finished-at="2018-04-18T15:27:33Z">
          <reporter-output>
          </reporter-output>
        </test-method> <!-- initialise -->
        <test-method status="PASS" signature="execute()[pri:0, instance:sample.Search@6d4b1c02]" name="execute" duration-ms="35044" started-at="2018-04-18T15:27:33Z" finished-at="2018-04-18T15:28:08Z">
          <reporter-output>
          </reporter-output>
        </test-method> <!-- execute -->
        <test-method status="PASS" signature="quite()[pri:0, instance:sample.Search@6d4b1c02]" name="quite" is-config="true" duration-ms="1" started-at="2018-04-18T15:28:08Z" finished-at="2018-04-18T15:28:08Z">
          <reporter-output>
          </reporter-output>
        </test-method> <!-- quite -->
      </class> <!-- sample.Search -->
    </test> <!-- test -->
  </suite> <!-- testing -->
</testng-results>
